<?xml version="1.0" encoding="UTF-8"?>
<testng-results skipped="0" failed="0" total="1" passed="1">
  <reporter-output>
    <line>
      <![CDATA[Before Suite complete

]]>
    </line>
    <line>
      <![CDATA[BeforeClass complete...create oTestWebDriverFactory

]]>
    </line>
    <line>
      <![CDATA[Getting test run data from: setup.xls using label: SS]]>
    </line>
    <line>
      <![CDATA[setupDataProvider: Loaded data from spreadsheet complete]]>
    </line>
    <line>
      <![CDATA[Before Method...
]]>
    </line>
    <line>
      <![CDATA[created webDriver class]]>
    </line>
    <line>
      <![CDATA[Start the CheckProfileTest on Windows 8 64 bit using Chrome browser, version 1]]>
    </line>
    <line>
      <![CDATA[Step 1: Launch web browser (FireFox,IE, Chrome)]]>
    </line>
    <line>
      <![CDATA[Step 2:Open Web Page http://dev.digitaltolk.com/]]>
    </line>
    <line>
      <![CDATA[Step 3:Verified load web pagedigitaltolk.com]]>
    </line>
    <line>
      <![CDATA[Click Logga In Button]]>
    </line>
    <line>
      <![CDATA[Step 4:Log in with user]]>
    </line>
    <line>
      <![CDATA[Verified Customer Home Page.]]>
    </line>
    <line>
      <![CDATA[Navigation to Home Page: http://dev.digitaltolk.com]]>
    </line>
    <line>
      <![CDATA[Step 5:Open Web Page http://dev.digitaltolk.com/]]>
    </line>
    <line>
      <![CDATA[Expect 1:Verified Title Customer Home Page : DigitalTolk - snabb tillgång till kvalitetstolkar]]>
    </line>
    <line>
      <![CDATA[Step 6:Set  Translation Language Booking: Spanska]]>
    </line>
    <line>
      <![CDATA[Step 7:Setup DataPicker Booking: ]]>
    </line>
    <line>
      <![CDATA[Step 8:Set Hourly Booking: 12:00]]>
    </line>
    <line>
      <![CDATA[Step 9:Set Duration Booking: 30 Min]]>
    </line>
    <line>
      <![CDATA[Step 10:Check CustomerPhoneType.]]>
    </line>
    <line>
      <![CDATA[Step 11:Click Submit Request Booking.]]>
    </line>
    <line>
      <![CDATA[Verified Customer Home Page.]]>
    </line>
    <line>
      <![CDATA[Step 12:Set Email Reference: testcustomer@gmail.com]]>
    </line>
    <line>
      <![CDATA[Step 12:Set Evt referens: TEST]]>
    </line>
    <line>
      <![CDATA[Step 13:Click Skicka Bokning.]]>
    </line>
    <line>
      <![CDATA[After Method, closed the browser page
]]>
    </line>
    <line>
      <![CDATA[After Class...
]]>
    </line>
    <line>
      <![CDATA[After Test:....
]]>
    </line>
    <line>
      <![CDATA[After Suite...]]>
    </line>
  </reporter-output>
  <suite name="Default suite" duration-ms="41816" started-at="2016-07-01T11:21:11Z" finished-at="2016-07-01T11:21:52Z">
    <groups>
      <group name="P0">
        <method signature="CreateCustomerBookingTest.createCustomerBookingTest(java.lang.String, java.lang.String, java.lang.String, java.lang.String, java.lang.String, java.lang.String, java.lang.String, java.lang.String, java.lang.String, java.lang.String, java.lang.String)[pri:0, instance:com.digitaltolk.qa.page.test.CreateCustomerBookingTest@3c09711b]" name="createCustomerBookingTest" class="com.digitaltolk.qa.page.test.CreateCustomerBookingTest"/>
      </group> <!-- P0 -->
      <group name="CreateCustomerBookingTest">
        <method signature="CreateCustomerBookingTest.createCustomerBookingTest(java.lang.String, java.lang.String, java.lang.String, java.lang.String, java.lang.String, java.lang.String, java.lang.String, java.lang.String, java.lang.String, java.lang.String, java.lang.String)[pri:0, instance:com.digitaltolk.qa.page.test.CreateCustomerBookingTest@3c09711b]" name="createCustomerBookingTest" class="com.digitaltolk.qa.page.test.CreateCustomerBookingTest"/>
      </group> <!-- CreateCustomerBookingTest -->
    </groups>
    <test name="Default test" duration-ms="41816" started-at="2016-07-01T11:21:11Z" finished-at="2016-07-01T11:21:52Z">
      <class name="com.digitaltolk.qa.page.test.CreateCustomerBookingTest">
        <test-method status="PASS" signature="beforeSuite()[pri:0, instance:com.digitaltolk.qa.page.test.CreateCustomerBookingTest@3c09711b]" name="beforeSuite" is-config="true" duration-ms="24" started-at="2016-07-01T07:21:11Z" finished-at="2016-07-01T07:21:11Z">
          <reporter-output>
            <line>
              <![CDATA[Before Suite complete

]]>
            </line>
          </reporter-output>
        </test-method> <!-- beforeSuite -->
        <test-method status="PASS" signature="beforeClass()[pri:0, instance:com.digitaltolk.qa.page.test.CreateCustomerBookingTest@3c09711b]" name="beforeClass" is-config="true" duration-ms="111" started-at="2016-07-01T07:21:11Z" finished-at="2016-07-01T07:21:11Z">
          <reporter-output>
            <line>
              <![CDATA[BeforeClass complete...create oTestWebDriverFactory

]]>
            </line>
          </reporter-output>
        </test-method> <!-- beforeClass -->
        <test-method status="PASS" signature="beforeMethod()[pri:0, instance:com.digitaltolk.qa.page.test.CreateCustomerBookingTest@3c09711b]" name="beforeMethod" is-config="true" duration-ms="1" started-at="2016-07-01T07:21:11Z" finished-at="2016-07-01T07:21:11Z">
          <reporter-output>
            <line>
              <![CDATA[Before Method...
]]>
            </line>
          </reporter-output>
        </test-method> <!-- beforeMethod -->
        <test-method status="PASS" signature="createCustomerBookingTest(java.lang.String, java.lang.String, java.lang.String, java.lang.String, java.lang.String, java.lang.String, java.lang.String, java.lang.String, java.lang.String, java.lang.String, java.lang.String)[pri:0, instance:com.digitaltolk.qa.page.test.CreateCustomerBookingTest@3c09711b]" name="createCustomerBookingTest" duration-ms="39159" started-at="2016-07-01T07:21:11Z" description="Create Booking" data-provider="oTestBaseTestNGDeclarationDataProvider" finished-at="2016-07-01T07:21:51Z">
          <params>
            <param index="0">
              <value>
                <![CDATA[1]]>
              </value>
            </param>
            <param index="1">
              <value>
                <![CDATA[Yes]]>
              </value>
            </param>
            <param index="2">
              <value>
                <![CDATA[Chrome]]>
              </value>
            </param>
            <param index="3">
              <value>
                <![CDATA[Windows 8 64 bit]]>
              </value>
            </param>
            <param index="4">
              <value>
                <![CDATA[1]]>
              </value>
            </param>
            <param index="5">
              <value>
                <![CDATA[local]]>
              </value>
            </param>
            <param index="6">
              <value>
                <![CDATA[http://dev.digitaltolk.com/]]>
              </value>
            </param>
            <param index="7">
              <value>
                <![CDATA[New Booking]]>
              </value>
            </param>
            <param index="8">
              <value>
                <![CDATA[setup.xls]]>
              </value>
            </param>
            <param index="9">
              <value>
                <![CDATA[P0]]>
              </value>
            </param>
            <param index="10">
              <value>
                <![CDATA[AddBookingTest]]>
              </value>
            </param>
          </params>
          <reporter-output>
            <line>
              <![CDATA[created webDriver class]]>
            </line>
            <line>
              <![CDATA[Start the CheckProfileTest on Windows 8 64 bit using Chrome browser, version 1]]>
            </line>
            <line>
              <![CDATA[Step 1: Launch web browser (FireFox,IE, Chrome)]]>
            </line>
            <line>
              <![CDATA[Step 2:Open Web Page http://dev.digitaltolk.com/]]>
            </line>
            <line>
              <![CDATA[Step 3:Verified load web pagedigitaltolk.com]]>
            </line>
            <line>
              <![CDATA[Click Logga In Button]]>
            </line>
            <line>
              <![CDATA[Step 4:Log in with user]]>
            </line>
            <line>
              <![CDATA[Verified Customer Home Page.]]>
            </line>
            <line>
              <![CDATA[Navigation to Home Page: http://dev.digitaltolk.com]]>
            </line>
            <line>
              <![CDATA[Step 5:Open Web Page http://dev.digitaltolk.com/]]>
            </line>
            <line>
              <![CDATA[Expect 1:Verified Title Customer Home Page : DigitalTolk - snabb tillgång till kvalitetstolkar]]>
            </line>
            <line>
              <![CDATA[Step 6:Set  Translation Language Booking: Spanska]]>
            </line>
            <line>
              <![CDATA[Step 7:Setup DataPicker Booking: ]]>
            </line>
            <line>
              <![CDATA[Step 8:Set Hourly Booking: 12:00]]>
            </line>
            <line>
              <![CDATA[Step 9:Set Duration Booking: 30 Min]]>
            </line>
            <line>
              <![CDATA[Step 10:Check CustomerPhoneType.]]>
            </line>
            <line>
              <![CDATA[Step 11:Click Submit Request Booking.]]>
            </line>
            <line>
              <![CDATA[Verified Customer Home Page.]]>
            </line>
            <line>
              <![CDATA[Step 12:Set Email Reference: testcustomer@gmail.com]]>
            </line>
            <line>
              <![CDATA[Step 12:Set Evt referens: TEST]]>
            </line>
            <line>
              <![CDATA[Step 13:Click Skicka Bokning.]]>
            </line>
          </reporter-output>
        </test-method> <!-- createCustomerBookingTest -->
        <test-method status="PASS" signature="afterMethod()[pri:0, instance:com.digitaltolk.qa.page.test.CreateCustomerBookingTest@3c09711b]" name="afterMethod" is-config="true" duration-ms="1916" started-at="2016-07-01T07:21:51Z" finished-at="2016-07-01T07:21:52Z">
          <reporter-output>
            <line>
              <![CDATA[After Method, closed the browser page
]]>
            </line>
          </reporter-output>
        </test-method> <!-- afterMethod -->
        <test-method status="PASS" signature="afterClass()[pri:0, instance:com.digitaltolk.qa.page.test.CreateCustomerBookingTest@3c09711b]" name="afterClass" is-config="true" duration-ms="0" started-at="2016-07-01T07:21:52Z" finished-at="2016-07-01T07:21:52Z">
          <reporter-output>
            <line>
              <![CDATA[After Class...
]]>
            </line>
          </reporter-output>
        </test-method> <!-- afterClass -->
        <test-method status="PASS" signature="afterTest()[pri:0, instance:com.digitaltolk.qa.page.test.CreateCustomerBookingTest@3c09711b]" name="afterTest" is-config="true" duration-ms="1" started-at="2016-07-01T07:21:52Z" finished-at="2016-07-01T07:21:52Z">
          <reporter-output>
            <line>
              <![CDATA[After Test:....
]]>
            </line>
          </reporter-output>
        </test-method> <!-- afterTest -->
        <test-method status="PASS" signature="afterSuite()[pri:0, instance:com.digitaltolk.qa.page.test.CreateCustomerBookingTest@3c09711b]" name="afterSuite" is-config="true" duration-ms="1" started-at="2016-07-01T07:21:53Z" finished-at="2016-07-01T07:21:53Z">
          <reporter-output>
            <line>
              <![CDATA[After Suite...]]>
            </line>
          </reporter-output>
        </test-method> <!-- afterSuite -->
      </class> <!-- com.digitaltolk.qa.page.test.CreateCustomerBookingTest -->
    </test> <!-- Default test -->
  </suite> <!-- Default suite -->
</testng-results>
